<?xml version="1.0" encoding="UTF-8"?>
<testsuite xmlns:xsi="http://www.w3.org/2001/XMLSchema-instance" xsi:noNamespaceSchemaLocation="https://maven.apache.org/surefire/maven-surefire-plugin/xsd/surefire-test-report.xsd" name="TestSuite" time="8.345" tests="0" errors="0" skipped="0" failures="0">
  <properties>
    <property name="java.specification.version" value="17"/>
    <property name="sun.cpu.isalist" value="amd64"/>
    <property name="sun.jnu.encoding" value="Cp1252"/>
    <property name="java.class.path" value="C:\Users\IN000994\eclipse-workspace\APIFramework\target\test-classes;C:\Users\IN000994\eclipse-workspace\APIFramework\target\classes;C:\Users\IN000994\.m2\repository\io\cucumber\cucumber-java\4.8.0\cucumber-java-4.8.0.jar;C:\Users\IN000994\.m2\repository\io\cucumber\cucumber-core\4.8.0\cucumber-core-4.8.0.jar;C:\Users\IN000994\.m2\repository\io\cucumber\gherkin\5.1.0\gherkin-5.1.0.jar;C:\Users\IN000994\.m2\repository\io\cucumber\tag-expressions\1.1.1\tag-expressions-1.1.1.jar;C:\Users\IN000994\.m2\repository\io\cucumber\cucumber-expressions\7.0.2\cucumber-expressions-7.0.2.jar;C:\Users\IN000994\.m2\repository\io\cucumber\datatable\1.1.14\datatable-1.1.14.jar;C:\Users\IN000994\.m2\repository\io\cucumber\datatable-dependencies\1.1.14\datatable-dependencies-1.1.14.jar;C:\Users\IN000994\.m2\repository\org\apiguardian\apiguardian-api\1.1.0\apiguardian-api-1.1.0.jar;C:\Users\IN000994\.m2\repository\io\cucumber\cucumber-junit\4.8.0\cucumber-junit-4.8.0.jar;C:\Users\IN000994\.m2\repository\junit\junit\4.12\junit-4.12.jar;C:\Users\IN000994\.m2\repository\org\hamcrest\hamcrest-core\1.3\hamcrest-core-1.3.jar;C:\Users\IN000994\.m2\repository\io\rest-assured\rest-assured\4.1.2\rest-assured-4.1.2.jar;C:\Users\IN000994\.m2\repository\org\codehaus\groovy\groovy-xml\2.5.8\groovy-xml-2.5.8.jar;C:\Users\IN000994\.m2\repository\org\apache\httpcomponents\httpclient\4.5.3\httpclient-4.5.3.jar;C:\Users\IN000994\.m2\repository\org\apache\httpcomponents\httpcore\4.4.6\httpcore-4.4.6.jar;C:\Users\IN000994\.m2\repository\commons-logging\commons-logging\1.2\commons-logging-1.2.jar;C:\Users\IN000994\.m2\repository\commons-codec\commons-codec\1.9\commons-codec-1.9.jar;C:\Users\IN000994\.m2\repository\org\apache\httpcomponents\httpmime\4.5.3\httpmime-4.5.3.jar;C:\Users\IN000994\.m2\repository\org\hamcrest\hamcrest\2.1\hamcrest-2.1.jar;C:\Users\IN000994\.m2\repository\org\ccil\cowan\tagsoup\tagsoup\1.2.1\tagsoup-1.2.1.jar;C:\Users\IN000994\.m2\repository\io\rest-assured\json-path\4.1.2\json-path-4.1.2.jar;C:\Users\IN000994\.m2\repository\io\rest-assured\rest-assured-common\4.1.2\rest-assured-common-4.1.2.jar;C:\Users\IN000994\.m2\repository\io\rest-assured\xml-path\4.1.2\xml-path-4.1.2.jar;C:\Users\IN000994\.m2\repository\org\apache\commons\commons-lang3\3.4\commons-lang3-3.4.jar;C:\Users\IN000994\.m2\repository\javax\xml\bind\jaxb-api\2.3.1\jaxb-api-2.3.1.jar;C:\Users\IN000994\.m2\repository\javax\activation\javax.activation-api\1.2.0\javax.activation-api-1.2.0.jar;C:\Users\IN000994\.m2\repository\com\sun\xml\bind\jaxb-osgi\2.3.0.1\jaxb-osgi-2.3.0.1.jar;C:\Users\IN000994\.m2\repository\org\apache\sling\org.apache.sling.javax.activation\0.1.0\org.apache.sling.javax.activation-0.1.0.jar;C:\Users\IN000994\.m2\repository\javax\activation\activation\1.1.1\activation-1.1.1.jar;C:\Users\IN000994\.m2\repository\com\fasterxml\jackson\core\jackson-databind\2.10.1\jackson-databind-2.10.1.jar;C:\Users\IN000994\.m2\repository\com\fasterxml\jackson\core\jackson-annotations\2.10.1\jackson-annotations-2.10.1.jar;C:\Users\IN000994\.m2\repository\com\fasterxml\jackson\core\jackson-core\2.10.1\jackson-core-2.10.1.jar;C:\Users\IN000994\.m2\repository\org\codehaus\groovy\groovy-ant\3.0.8\groovy-ant-3.0.8.jar;C:\Users\IN000994\.m2\repository\org\apache\ant\ant\1.10.9\ant-1.10.9.jar;C:\Users\IN000994\.m2\repository\org\apache\ant\ant-junit\1.10.9\ant-junit-1.10.9.jar;C:\Users\IN000994\.m2\repository\org\apache\ant\ant-launcher\1.10.9\ant-launcher-1.10.9.jar;C:\Users\IN000994\.m2\repository\org\apache\ant\ant-antlr\1.10.9\ant-antlr-1.10.9.jar;C:\Users\IN000994\.m2\repository\org\codehaus\groovy\groovy-astbuilder\3.0.8\groovy-astbuilder-3.0.8.jar;C:\Users\IN000994\.m2\repository\org\codehaus\groovy\groovy-cli-picocli\3.0.8\groovy-cli-picocli-3.0.8.jar;C:\Users\IN000994\.m2\repository\info\picocli\picocli\4.5.2\picocli-4.5.2.jar;C:\Users\IN000994\.m2\repository\org\codehaus\groovy\groovy-console\3.0.8\groovy-console-3.0.8.jar;C:\Users\IN000994\.m2\repository\org\codehaus\groovy\groovy-datetime\3.0.8\groovy-datetime-3.0.8.jar;C:\Users\IN000994\.m2\repository\org\codehaus\groovy\groovy-docgenerator\3.0.8\groovy-docgenerator-3.0.8.jar;C:\Users\IN000994\.m2\repository\com\thoughtworks\qdox\qdox\1.12.1\qdox-1.12.1.jar;C:\Users\IN000994\.m2\repository\org\codehaus\groovy\groovy-groovydoc\3.0.8\groovy-groovydoc-3.0.8.jar;C:\Users\IN000994\.m2\repository\com\github\javaparser\javaparser-core\3.18.0\javaparser-core-3.18.0.jar;C:\Users\IN000994\.m2\repository\org\codehaus\groovy\groovy-groovysh\3.0.8\groovy-groovysh-3.0.8.jar;C:\Users\IN000994\.m2\repository\jline\jline\2.14.6\jline-2.14.6.jar;C:\Users\IN000994\.m2\repository\org\codehaus\groovy\groovy-jmx\3.0.8\groovy-jmx-3.0.8.jar;C:\Users\IN000994\.m2\repository\org\codehaus\groovy\groovy-jsr223\3.0.8\groovy-jsr223-3.0.8.jar;C:\Users\IN000994\.m2\repository\org\codehaus\groovy\groovy-macro\3.0.8\groovy-macro-3.0.8.jar;C:\Users\IN000994\.m2\repository\org\codehaus\groovy\groovy-nio\3.0.8\groovy-nio-3.0.8.jar;C:\Users\IN000994\.m2\repository\org\codehaus\groovy\groovy-servlet\3.0.8\groovy-servlet-3.0.8.jar;C:\Users\IN000994\.m2\repository\org\codehaus\groovy\groovy-sql\3.0.8\groovy-sql-3.0.8.jar;C:\Users\IN000994\.m2\repository\org\codehaus\groovy\groovy-swing\3.0.8\groovy-swing-3.0.8.jar;C:\Users\IN000994\.m2\repository\org\codehaus\groovy\groovy-templates\3.0.8\groovy-templates-3.0.8.jar;C:\Users\IN000994\.m2\repository\org\codehaus\groovy\groovy-test\3.0.8\groovy-test-3.0.8.jar;C:\Users\IN000994\.m2\repository\org\codehaus\groovy\groovy-test-junit5\3.0.8\groovy-test-junit5-3.0.8.jar;C:\Users\IN000994\.m2\repository\org\junit\jupiter\junit-jupiter-api\5.7.0\junit-jupiter-api-5.7.0.jar;C:\Users\IN000994\.m2\repository\org\opentest4j\opentest4j\1.2.0\opentest4j-1.2.0.jar;C:\Users\IN000994\.m2\repository\org\junit\platform\junit-platform-launcher\1.7.0\junit-platform-launcher-1.7.0.jar;C:\Users\IN000994\.m2\repository\org\junit\platform\junit-platform-engine\1.7.0\junit-platform-engine-1.7.0.jar;C:\Users\IN000994\.m2\repository\org\junit\platform\junit-platform-commons\1.7.0\junit-platform-commons-1.7.0.jar;C:\Users\IN000994\.m2\repository\org\junit\jupiter\junit-jupiter-engine\5.7.0\junit-jupiter-engine-5.7.0.jar;C:\Users\IN000994\.m2\repository\org\codehaus\groovy\groovy-testng\3.0.8\groovy-testng-3.0.8.jar;C:\Users\IN000994\.m2\repository\org\testng\testng\7.4.0\testng-7.4.0.jar;C:\Users\IN000994\.m2\repository\com\beust\jcommander\1.78\jcommander-1.78.jar;C:\Users\IN000994\.m2\repository\org\webjars\jquery\3.5.1\jquery-3.5.1.jar;C:\Users\IN000994\.m2\repository\org\codehaus\groovy\groovy\3.0.8\groovy-3.0.8.jar;C:\Users\IN000994\.m2\repository\org\codehaus\groovy\groovy-json\3.0.8\groovy-json-3.0.8.jar;"/>
    <property name="java.vm.vendor" value="Oracle Corporation"/>
    <property name="sun.arch.data.model" value="64"/>
    <property name="user.variant" value=""/>
    <property name="java.vendor.url" value="https://java.oracle.com/"/>
    <property name="user.timezone" value="Asia/Calcutta"/>
    <property name="os.name" value="Windows 10"/>
    <property name="java.vm.specification.version" value="17"/>
    <property name="sun.java.launcher" value="SUN_STANDARD"/>
    <property name="user.country" value="IN"/>
    <property name="sun.boot.library.path" value="C:\Program Files\Java\jdk-17.0.1\bin"/>
    <property name="sun.java.command" value="C:\Users\IN000994\AppData\Local\Temp\surefire5199208573443262469\surefirebooter2945005011779898142.jar C:\Users\IN000994\AppData\Local\Temp\surefire5199208573443262469 2022-01-17T22-35-38_132-jvmRun1 surefire15733451843292074597tmp surefire_016300356053446411661tmp"/>
    <property name="jdk.debug" value="release"/>
    <property name="surefire.test.class.path" value="C:\Users\IN000994\eclipse-workspace\APIFramework\target\test-classes;C:\Users\IN000994\eclipse-workspace\APIFramework\target\classes;C:\Users\IN000994\.m2\repository\io\cucumber\cucumber-java\4.8.0\cucumber-java-4.8.0.jar;C:\Users\IN000994\.m2\repository\io\cucumber\cucumber-core\4.8.0\cucumber-core-4.8.0.jar;C:\Users\IN000994\.m2\repository\io\cucumber\gherkin\5.1.0\gherkin-5.1.0.jar;C:\Users\IN000994\.m2\repository\io\cucumber\tag-expressions\1.1.1\tag-expressions-1.1.1.jar;C:\Users\IN000994\.m2\repository\io\cucumber\cucumber-expressions\7.0.2\cucumber-expressions-7.0.2.jar;C:\Users\IN000994\.m2\repository\io\cucumber\datatable\1.1.14\datatable-1.1.14.jar;C:\Users\IN000994\.m2\repository\io\cucumber\datatable-dependencies\1.1.14\datatable-dependencies-1.1.14.jar;C:\Users\IN000994\.m2\repository\org\apiguardian\apiguardian-api\1.1.0\apiguardian-api-1.1.0.jar;C:\Users\IN000994\.m2\repository\io\cucumber\cucumber-junit\4.8.0\cucumber-junit-4.8.0.jar;C:\Users\IN000994\.m2\repository\junit\junit\4.12\junit-4.12.jar;C:\Users\IN000994\.m2\repository\org\hamcrest\hamcrest-core\1.3\hamcrest-core-1.3.jar;C:\Users\IN000994\.m2\repository\io\rest-assured\rest-assured\4.1.2\rest-assured-4.1.2.jar;C:\Users\IN000994\.m2\repository\org\codehaus\groovy\groovy-xml\2.5.8\groovy-xml-2.5.8.jar;C:\Users\IN000994\.m2\repository\org\apache\httpcomponents\httpclient\4.5.3\httpclient-4.5.3.jar;C:\Users\IN000994\.m2\repository\org\apache\httpcomponents\httpcore\4.4.6\httpcore-4.4.6.jar;C:\Users\IN000994\.m2\repository\commons-logging\commons-logging\1.2\commons-logging-1.2.jar;C:\Users\IN000994\.m2\repository\commons-codec\commons-codec\1.9\commons-codec-1.9.jar;C:\Users\IN000994\.m2\repository\org\apache\httpcomponents\httpmime\4.5.3\httpmime-4.5.3.jar;C:\Users\IN000994\.m2\repository\org\hamcrest\hamcrest\2.1\hamcrest-2.1.jar;C:\Users\IN000994\.m2\repository\org\ccil\cowan\tagsoup\tagsoup\1.2.1\tagsoup-1.2.1.jar;C:\Users\IN000994\.m2\repository\io\rest-assured\json-path\4.1.2\json-path-4.1.2.jar;C:\Users\IN000994\.m2\repository\io\rest-assured\rest-assured-common\4.1.2\rest-assured-common-4.1.2.jar;C:\Users\IN000994\.m2\repository\io\rest-assured\xml-path\4.1.2\xml-path-4.1.2.jar;C:\Users\IN000994\.m2\repository\org\apache\commons\commons-lang3\3.4\commons-lang3-3.4.jar;C:\Users\IN000994\.m2\repository\javax\xml\bind\jaxb-api\2.3.1\jaxb-api-2.3.1.jar;C:\Users\IN000994\.m2\repository\javax\activation\javax.activation-api\1.2.0\javax.activation-api-1.2.0.jar;C:\Users\IN000994\.m2\repository\com\sun\xml\bind\jaxb-osgi\2.3.0.1\jaxb-osgi-2.3.0.1.jar;C:\Users\IN000994\.m2\repository\org\apache\sling\org.apache.sling.javax.activation\0.1.0\org.apache.sling.javax.activation-0.1.0.jar;C:\Users\IN000994\.m2\repository\javax\activation\activation\1.1.1\activation-1.1.1.jar;C:\Users\IN000994\.m2\repository\com\fasterxml\jackson\core\jackson-databind\2.10.1\jackson-databind-2.10.1.jar;C:\Users\IN000994\.m2\repository\com\fasterxml\jackson\core\jackson-annotations\2.10.1\jackson-annotations-2.10.1.jar;C:\Users\IN000994\.m2\repository\com\fasterxml\jackson\core\jackson-core\2.10.1\jackson-core-2.10.1.jar;C:\Users\IN000994\.m2\repository\org\codehaus\groovy\groovy-ant\3.0.8\groovy-ant-3.0.8.jar;C:\Users\IN000994\.m2\repository\org\apache\ant\ant\1.10.9\ant-1.10.9.jar;C:\Users\IN000994\.m2\repository\org\apache\ant\ant-junit\1.10.9\ant-junit-1.10.9.jar;C:\Users\IN000994\.m2\repository\org\apache\ant\ant-launcher\1.10.9\ant-launcher-1.10.9.jar;C:\Users\IN000994\.m2\repository\org\apache\ant\ant-antlr\1.10.9\ant-antlr-1.10.9.jar;C:\Users\IN000994\.m2\repository\org\codehaus\groovy\groovy-astbuilder\3.0.8\groovy-astbuilder-3.0.8.jar;C:\Users\IN000994\.m2\repository\org\codehaus\groovy\groovy-cli-picocli\3.0.8\groovy-cli-picocli-3.0.8.jar;C:\Users\IN000994\.m2\repository\info\picocli\picocli\4.5.2\picocli-4.5.2.jar;C:\Users\IN000994\.m2\repository\org\codehaus\groovy\groovy-console\3.0.8\groovy-console-3.0.8.jar;C:\Users\IN000994\.m2\repository\org\codehaus\groovy\groovy-datetime\3.0.8\groovy-datetime-3.0.8.jar;C:\Users\IN000994\.m2\repository\org\codehaus\groovy\groovy-docgenerator\3.0.8\groovy-docgenerator-3.0.8.jar;C:\Users\IN000994\.m2\repository\com\thoughtworks\qdox\qdox\1.12.1\qdox-1.12.1.jar;C:\Users\IN000994\.m2\repository\org\codehaus\groovy\groovy-groovydoc\3.0.8\groovy-groovydoc-3.0.8.jar;C:\Users\IN000994\.m2\repository\com\github\javaparser\javaparser-core\3.18.0\javaparser-core-3.18.0.jar;C:\Users\IN000994\.m2\repository\org\codehaus\groovy\groovy-groovysh\3.0.8\groovy-groovysh-3.0.8.jar;C:\Users\IN000994\.m2\repository\jline\jline\2.14.6\jline-2.14.6.jar;C:\Users\IN000994\.m2\repository\org\codehaus\groovy\groovy-jmx\3.0.8\groovy-jmx-3.0.8.jar;C:\Users\IN000994\.m2\repository\org\codehaus\groovy\groovy-jsr223\3.0.8\groovy-jsr223-3.0.8.jar;C:\Users\IN000994\.m2\repository\org\codehaus\groovy\groovy-macro\3.0.8\groovy-macro-3.0.8.jar;C:\Users\IN000994\.m2\repository\org\codehaus\groovy\groovy-nio\3.0.8\groovy-nio-3.0.8.jar;C:\Users\IN000994\.m2\repository\org\codehaus\groovy\groovy-servlet\3.0.8\groovy-servlet-3.0.8.jar;C:\Users\IN000994\.m2\repository\org\codehaus\groovy\groovy-sql\3.0.8\groovy-sql-3.0.8.jar;C:\Users\IN000994\.m2\repository\org\codehaus\groovy\groovy-swing\3.0.8\groovy-swing-3.0.8.jar;C:\Users\IN000994\.m2\repository\org\codehaus\groovy\groovy-templates\3.0.8\groovy-templates-3.0.8.jar;C:\Users\IN000994\.m2\repository\org\codehaus\groovy\groovy-test\3.0.8\groovy-test-3.0.8.jar;C:\Users\IN000994\.m2\repository\org\codehaus\groovy\groovy-test-junit5\3.0.8\groovy-test-junit5-3.0.8.jar;C:\Users\IN000994\.m2\repository\org\junit\jupiter\junit-jupiter-api\5.7.0\junit-jupiter-api-5.7.0.jar;C:\Users\IN000994\.m2\repository\org\opentest4j\opentest4j\1.2.0\opentest4j-1.2.0.jar;C:\Users\IN000994\.m2\repository\org\junit\platform\junit-platform-launcher\1.7.0\junit-platform-launcher-1.7.0.jar;C:\Users\IN000994\.m2\repository\org\junit\platform\junit-platform-engine\1.7.0\junit-platform-engine-1.7.0.jar;C:\Users\IN000994\.m2\repository\org\junit\platform\junit-platform-commons\1.7.0\junit-platform-commons-1.7.0.jar;C:\Users\IN000994\.m2\repository\org\junit\jupiter\junit-jupiter-engine\5.7.0\junit-jupiter-engine-5.7.0.jar;C:\Users\IN000994\.m2\repository\org\codehaus\groovy\groovy-testng\3.0.8\groovy-testng-3.0.8.jar;C:\Users\IN000994\.m2\repository\org\testng\testng\7.4.0\testng-7.4.0.jar;C:\Users\IN000994\.m2\repository\com\beust\jcommander\1.78\jcommander-1.78.jar;C:\Users\IN000994\.m2\repository\org\webjars\jquery\3.5.1\jquery-3.5.1.jar;C:\Users\IN000994\.m2\repository\org\codehaus\groovy\groovy\3.0.8\groovy-3.0.8.jar;C:\Users\IN000994\.m2\repository\org\codehaus\groovy\groovy-json\3.0.8\groovy-json-3.0.8.jar;"/>
    <property name="sun.cpu.endian" value="little"/>
    <property name="user.home" value="C:\Users\IN000994"/>
    <property name="user.language" value="en"/>
    <property name="java.specification.vendor" value="Oracle Corporation"/>
    <property name="java.version.date" value="2021-10-19"/>
    <property name="java.home" value="C:\Program Files\Java\jdk-17.0.1"/>
    <property name="file.separator" value="\"/>
    <property name="basedir" value="C:\Users\IN000994\eclipse-workspace\APIFramework"/>
    <property name="java.vm.compressedOopsMode" value="32-bit"/>
    <property name="line.separator" value="&#10;"/>
    <property name="java.vm.specification.vendor" value="Oracle Corporation"/>
    <property name="java.specification.name" value="Java Platform API Specification"/>
    <property name="surefire.real.class.path" value="C:\Users\IN000994\AppData\Local\Temp\surefire5199208573443262469\surefirebooter2945005011779898142.jar"/>
    <property name="user.script" value=""/>
    <property name="sun.management.compiler" value="HotSpot 64-Bit Tiered Compilers"/>
    <property name="java.runtime.version" value="17.0.1+12-LTS-39"/>
    <property name="user.name" value="IN000994"/>
    <property name="path.separator" value=";"/>
    <property name="os.version" value="10.0"/>
    <property name="java.runtime.name" value="Java(TM) SE Runtime Environment"/>
    <property name="file.encoding" value="Cp1252"/>
    <property name="java.vm.name" value="Java HotSpot(TM) 64-Bit Server VM"/>
    <property name="localRepository" value="C:\Users\IN000994\.m2\repository"/>
    <property name="java.vendor.url.bug" value="https://bugreport.java.com/bugreport/"/>
    <property name="java.io.tmpdir" value="C:\Users\IN000994\AppData\Local\Temp\"/>
    <property name="java.version" value="17.0.1"/>
    <property name="user.dir" value="C:\Users\IN000994\eclipse-workspace\APIFramework"/>
    <property name="os.arch" value="amd64"/>
    <property name="java.vm.specification.name" value="Java Virtual Machine Specification"/>
    <property name="sun.os.patch.level" value=""/>
    <property name="native.encoding" value="Cp1252"/>
    <property name="java.library.path" value="C:\Program Files\Java\jdk-17.0.1\bin;C:\Windows\Sun\Java\bin;C:\Windows\system32;C:\Windows;C:\Program Files (x86)\Common Files\Oracle\Java\javapath;C:\Windows\system32;C:\Windows;C:\Windows\System32\Wbem;C:\Windows\System32\WindowsPowerShell\v1.0\;C:\Windows\System32\OpenSSH\;C:\apache-maven-3.8.4\bin;C:\Users\IN000994\AppData\Local\Microsoft\WindowsApps;C:\adb;C:\Users\IN000994\AppData\Local\Microsoft\WindowsApps;;."/>
    <property name="java.vm.info" value="mixed mode, sharing"/>
    <property name="java.vendor" value="Oracle Corporation"/>
    <property name="java.vm.version" value="17.0.1+12-LTS-39"/>
    <property name="sun.io.unicode.encoding" value="UnicodeLittle"/>
    <property name="java.class.version" value="61.0"/>
  </properties>
</testsuite>